  [4;36;1mSQL (0.2ms)[0m   [0;1mSET NAMES 'utf8'[0m
  [4;35;1mSQL (0.1ms)[0m   [0mSET SQL_AUTO_IS_NULL=0[0m
  [4;36;1mSQL (0.2ms)[0m   [0;1mSHOW TABLES[0m
  [4;35;1mSQL (89.7ms)[0m   [0mCREATE TABLE `schema_migrations` (`version` varchar(255) NOT NULL) ENGINE=InnoDB[0m
  [4;36;1mSQL (24.1ms)[0m   [0;1mSHOW KEYS FROM `schema_migrations`[0m
  [4;35;1mSQL (246.8ms)[0m   [0mCREATE UNIQUE INDEX `unique_schema_migrations` ON `schema_migrations` (`version`)[0m
  [4;36;1mSQL (0.3ms)[0m   [0;1mSHOW TABLES[0m
  [4;35;1mSQL (0.3ms)[0m   [0mSELECT version FROM schema_migrations[0m
Migrating to CreateRooms (20110704043807)
  [4;36;1mSQL (105.9ms)[0m   [0;1mCREATE TABLE `rooms` (`id` int(11) DEFAULT NULL auto_increment PRIMARY KEY, `name` varchar(255), `creator` int(11), `members` text, `turn` int(11), `capacity` int(11), `password` varchar(255), `created_at` datetime, `updated_at` datetime) ENGINE=InnoDB[0m
  [4;35;1mSQL (0.3ms)[0m   [0mINSERT INTO schema_migrations (version) VALUES ('20110704043807')[0m
  [4;36;1mSQL (0.3ms)[0m   [0;1mSHOW TABLES[0m
  [4;35;1mSQL (0.1ms)[0m   [0mSELECT version FROM schema_migrations[0m
  [4;36;1mSQL (0.1ms)[0m   [0;1mSHOW TABLES[0m
  [4;35;1mSQL (12.1ms)[0m   [0mSHOW FIELDS FROM `rooms`[0m
  [4;36;1mSQL (0.7ms)[0m   [0;1mdescribe `rooms`[0m
  [4;35;1mSQL (0.3ms)[0m   [0mSHOW KEYS FROM `rooms`[0m
  [4;36;1mSQL (0.1ms)[0m   [0;1mSET NAMES 'utf8'[0m
  [4;35;1mSQL (0.0ms)[0m   [0mSET SQL_AUTO_IS_NULL=0[0m
  [4;36;1mSQL (0.2ms)[0m   [0;1mSHOW TABLES[0m
  [4;35;1mSQL (0.1ms)[0m   [0mSELECT version FROM schema_migrations[0m
Migrating to CreateRooms (20110704043807)
Migrating to CreateUsers (20110704045015)
  [4;36;1mSQL (84.7ms)[0m   [0;1mCREATE TABLE `users` (`id` int(11) DEFAULT NULL auto_increment PRIMARY KEY, `full_name` varchar(255), `username` varchar(255), `password` varchar(255), `email` varchar(255), `created_at` datetime, `updated_at` datetime) ENGINE=InnoDB[0m
  [4;35;1mSQL (0.4ms)[0m   [0mINSERT INTO schema_migrations (version) VALUES ('20110704045015')[0m
  [4;36;1mSQL (0.2ms)[0m   [0;1mSHOW TABLES[0m
  [4;35;1mSQL (0.1ms)[0m   [0mSELECT version FROM schema_migrations[0m
  [4;36;1mSQL (0.1ms)[0m   [0;1mSHOW TABLES[0m
  [4;35;1mSQL (0.7ms)[0m   [0mSHOW FIELDS FROM `rooms`[0m
  [4;36;1mSQL (0.7ms)[0m   [0;1mdescribe `rooms`[0m
  [4;35;1mSQL (0.5ms)[0m   [0mSHOW KEYS FROM `rooms`[0m
  [4;36;1mSQL (1.0ms)[0m   [0;1mSHOW FIELDS FROM `users`[0m
  [4;35;1mSQL (0.6ms)[0m   [0mdescribe `users`[0m
  [4;36;1mSQL (0.5ms)[0m   [0;1mSHOW KEYS FROM `users`[0m
  [4;36;1mSQL (0.1ms)[0m   [0;1mSET NAMES 'utf8'[0m
  [4;35;1mSQL (0.1ms)[0m   [0mSET SQL_AUTO_IS_NULL=0[0m


Processing RoomsController#index (for 127.0.0.1 at 2011-07-04 00:54:19) [GET]
  [4;36;1mRoom Load (0.2ms)[0m   [0;1mSELECT * FROM `rooms` [0m
Rendering template within layouts/rooms
Rendering rooms/index
Completed in 40ms (View: 6, DB: 0) | 200 OK [http://localhost/rooms]
  [4;36;1mSQL (0.1ms)[0m   [0;1mSET NAMES 'utf8'[0m
  [4;35;1mSQL (0.0ms)[0m   [0mSET SQL_AUTO_IS_NULL=0[0m
  [4;36;1mSQL (0.2ms)[0m   [0;1mSHOW TABLES[0m
  [4;35;1mSQL (0.1ms)[0m   [0mSELECT version FROM schema_migrations[0m
Migrating to CreateRooms (20110704043807)
Migrating to CreateUsers (20110704045015)
  [4;36;1mSQL (0.2ms)[0m   [0;1mSHOW TABLES[0m
  [4;35;1mSQL (0.1ms)[0m   [0mSELECT version FROM schema_migrations[0m
  [4;36;1mSQL (0.1ms)[0m   [0;1mSHOW TABLES[0m
  [4;35;1mSQL (0.7ms)[0m   [0mSHOW FIELDS FROM `rooms`[0m
  [4;36;1mSQL (1.8ms)[0m   [0;1mdescribe `rooms`[0m
  [4;35;1mSQL (0.1ms)[0m   [0mSHOW KEYS FROM `rooms`[0m
  [4;36;1mSQL (0.4ms)[0m   [0;1mSHOW FIELDS FROM `users`[0m
  [4;35;1mSQL (0.4ms)[0m   [0mdescribe `users`[0m
  [4;36;1mSQL (0.2ms)[0m   [0;1mSHOW KEYS FROM `users`[0m
  [4;35;1mSQL (0.1ms)[0m   [0mSET NAMES 'utf8'[0m
  [4;36;1mSQL (0.1ms)[0m   [0;1mSET SQL_AUTO_IS_NULL=0[0m


Processing UsersController#index (for 127.0.0.1 at 2011-07-04 00:55:36) [GET]
  [4;35;1mUser Load (0.2ms)[0m   [0mSELECT * FROM `users` [0m
Rendering template within layouts/users
Rendering users/index
Completed in 9ms (View: 6, DB: 0) | 200 OK [http://localhost/users]
  [4;36;1mSQL (0.1ms)[0m   [0;1mSET NAMES 'utf8'[0m
  [4;35;1mSQL (0.0ms)[0m   [0mSET SQL_AUTO_IS_NULL=0[0m
  [4;36;1mSQL (0.2ms)[0m   [0;1mSHOW TABLES[0m
  [4;35;1mSQL (0.1ms)[0m   [0mSELECT version FROM schema_migrations[0m
Migrating to CreateRooms (20110704043807)
Migrating to CreateUsers (20110704045015)
  [4;36;1mSQL (0.3ms)[0m   [0;1mSHOW TABLES[0m
  [4;35;1mSQL (0.1ms)[0m   [0mSELECT version FROM schema_migrations[0m
  [4;36;1mSQL (0.1ms)[0m   [0;1mSHOW TABLES[0m
  [4;35;1mSQL (29.0ms)[0m   [0mSHOW FIELDS FROM `rooms`[0m
  [4;36;1mSQL (0.6ms)[0m   [0;1mdescribe `rooms`[0m
  [4;35;1mSQL (0.1ms)[0m   [0mSHOW KEYS FROM `rooms`[0m
  [4;36;1mSQL (0.5ms)[0m   [0;1mSHOW FIELDS FROM `users`[0m
  [4;35;1mSQL (0.6ms)[0m   [0mdescribe `users`[0m
  [4;36;1mSQL (0.3ms)[0m   [0;1mSHOW KEYS FROM `users`[0m
  [4;36;1mSQL (0.1ms)[0m   [0;1mSET NAMES 'utf8'[0m
  [4;35;1mSQL (0.0ms)[0m   [0mSET SQL_AUTO_IS_NULL=0[0m


Processing RoomsController#index (for 127.0.0.1 at 2011-07-04 00:58:59) [GET]
  [4;36;1mRoom Load (0.2ms)[0m   [0;1mSELECT * FROM `rooms` [0m
Rendering template within layouts/rooms
Rendering rooms/index
Completed in 4ms (View: 1, DB: 0) | 200 OK [http://localhost/rooms]
  [4;35;1mSQL (0.1ms)[0m   [0mSET NAMES 'utf8'[0m
  [4;36;1mSQL (0.1ms)[0m   [0;1mSET SQL_AUTO_IS_NULL=0[0m


Processing UsersController#index (for 127.0.0.1 at 2011-07-04 00:59:01) [GET]
  [4;35;1mUser Load (0.2ms)[0m   [0mSELECT * FROM `users` [0m
Rendering template within layouts/users
Rendering users/index
Completed in 6ms (View: 3, DB: 0) | 200 OK [http://localhost/users]
  [4;36;1mSQL (0.1ms)[0m   [0;1mSET NAMES 'utf8'[0m
  [4;35;1mSQL (0.0ms)[0m   [0mSET SQL_AUTO_IS_NULL=0[0m


Processing UsersController#index (for 127.0.0.1 at 2011-07-04 00:59:03) [GET]
  [4;36;1mUser Load (0.2ms)[0m   [0;1mSELECT * FROM `users` [0m
Rendering template within layouts/users
Rendering users/index
Completed in 4ms (View: 1, DB: 0) | 200 OK [http://localhost/users]
  [4;35;1mSQL (0.1ms)[0m   [0mSET NAMES 'utf8'[0m
  [4;36;1mSQL (0.1ms)[0m   [0;1mSET SQL_AUTO_IS_NULL=0[0m


Processing UsersController#new (for 127.0.0.1 at 2011-07-04 00:59:05) [GET]
  [4;35;1mUser Columns (1.0ms)[0m   [0mSHOW FIELDS FROM `users`[0m
Rendering template within layouts/users
Rendering users/new
Completed in 127ms (View: 124, DB: 1) | 200 OK [http://localhost/users/new]
  [4;36;1mSQL (0.1ms)[0m   [0;1mSET NAMES 'utf8'[0m
  [4;35;1mSQL (0.0ms)[0m   [0mSET SQL_AUTO_IS_NULL=0[0m


Processing UsersController#create (for 127.0.0.1 at 2011-07-04 00:59:28) [POST]
  Parameters: {"commit"=>"Create", "authenticity_token"=>"CLQYkzq5wXBMrB2UDpjf5FtenVauoz1zxJb2Cg6VRK8=", "user"=>{"username"=>"jscales", "full_name"=>"Jordan Scales", "password"=>"hello1", "email"=>"scalesjordan@gmail.com"}}
  [4;36;1mUser Columns (0.9ms)[0m   [0;1mSHOW FIELDS FROM `users`[0m
  [4;35;1mSQL (0.1ms)[0m   [0mBEGIN[0m
  [4;36;1mUser Create (0.2ms)[0m   [0;1mINSERT INTO `users` (`created_at`, `updated_at`, `username`, `full_name`, `password`, `email`) VALUES('2011-07-04 04:59:28', '2011-07-04 04:59:28', 'jscales', 'Jordan Scales', 'hello1', 'scalesjordan@gmail.com')[0m
  [4;35;1mSQL (48.2ms)[0m   [0mCOMMIT[0m
Redirected to http://localhost:3000/users/1
Completed in 54ms (DB: 50) | 302 Found [http://localhost/users]
  [4;36;1mSQL (0.1ms)[0m   [0;1mSET NAMES 'utf8'[0m
  [4;35;1mSQL (0.0ms)[0m   [0mSET SQL_AUTO_IS_NULL=0[0m


Processing UsersController#show (for 127.0.0.1 at 2011-07-04 00:59:28) [GET]
  Parameters: {"id"=>"1"}
  [4;36;1mUser Columns (0.9ms)[0m   [0;1mSHOW FIELDS FROM `users`[0m
  [4;35;1mUser Load (0.2ms)[0m   [0mSELECT * FROM `users` WHERE (`users`.`id` = 1) [0m
Rendering template within layouts/users
Rendering users/show
Completed in 8ms (View: 4, DB: 1) | 200 OK [http://localhost/users/1]
  [4;36;1mSQL (0.1ms)[0m   [0;1mSET NAMES 'utf8'[0m
  [4;35;1mSQL (0.1ms)[0m   [0mSET SQL_AUTO_IS_NULL=0[0m


Processing UsersController#index (for 127.0.0.1 at 2011-07-04 00:59:30) [GET]
  [4;36;1mUser Load (0.2ms)[0m   [0;1mSELECT * FROM `users` [0m
Rendering template within layouts/users
Rendering users/index
  [4;35;1mUser Columns (0.8ms)[0m   [0mSHOW FIELDS FROM `users`[0m
Completed in 7ms (View: 3, DB: 1) | 200 OK [http://localhost/users]
